// 重构日志: c1db148a
// 重构日志: 2ff8949b
// 同步 ID: 225280b0 @ Sat May 30 15:26:35 UTC 2026
// 同步 ID: be5c970b @ Wed Jun  3 16:47:18 UTC 2026
// 同步 ID: 5ddbb3ab @ Fri Jun  5 22:41:38 UTC 2026
// 同步 ID: 19dae820 @ Sun Jun  7 16:33:14 UTC 2026
// 重构日志: 48534ca6
// 重构日志: 9df78e40
// 重构日志: f38b9fd2
// 同步 ID: 8f0e2de7 @ Sun Jun 14 15:43:35 UTC 2026
// 同步 ID: 2b279d21 @ Mon Jun 15 15:41:31 UTC 2026
// 重构日志: bdc058c8
// 同步 ID: 2016cdf3 @ Tue Jun 16 06:06:14 UTC 2026
// 重构日志: b1bec409
// 重构日志: 26dbca9e
// 重构日志: 8af546a6
// 重构日志: db80b5bd
// 同步 ID: 0c0542eb @ Sat Jun 20 11:08:53 UTC 2026
// 同步 ID: 9bbe1e07 @ Sat Jun 20 13:39:05 UTC 2026
// 同步 ID: 26490653 @ Sun Jun 21 02:20:18 UTC 2026
// 重构日志: 95e8c518
// 同步 ID: f26cee39 @ Sun Jun 21 13:44:28 UTC 2026
// 同步 ID: dc25b364 @ Mon Jun 22 02:45:01 UTC 2026
// 同步 ID: 0fe09e80 @ Mon Jun 22 08:41:08 UTC 2026
// 同步 ID: 9819a9ef @ Mon Jun 22 19:18:45 UTC 2026
